  AssetManager.cpp
D:\Git_Projekt\Pif_Paf\Pif_Paf\headers\ECS\TransformComponent.h(36,135): warning C4244: "=": konwersja z "double" do "float", możliwa utrata danych
D:\Git_Projekt\Pif_Paf\Pif_Paf\headers\ECS\TransformComponent.h(37,135): warning C4244: "=": konwersja z "double" do "float", możliwa utrata danych
D:\Git_Projekt\Pif_Paf\Pif_Paf\headers\ECS\MouseController.h(28,57): warning C4244: "=": konwersja z "double" do "float", możliwa utrata danych
D:\Git_Projekt\Pif_Paf\Pif_Paf\headers\ECS\MouseController.h(29,57): warning C4244: "=": konwersja z "double" do "float", możliwa utrata danych
D:\Git_Projekt\Pif_Paf\Pif_Paf\headers\ECS\MouseController.h(37,1): warning C4305: "+=": obcięcie z "double" do "float"
  Game.cpp
D:\Git_Projekt\Pif_Paf\Pif_Paf\headers\ECS\TransformComponent.h(36,135): warning C4244: "=": konwersja z "double" do "float", możliwa utrata danych
D:\Git_Projekt\Pif_Paf\Pif_Paf\headers\ECS\TransformComponent.h(37,135): warning C4244: "=": konwersja z "double" do "float", możliwa utrata danych
D:\Git_Projekt\Pif_Paf\Pif_Paf\headers\ECS\MouseController.h(28,57): warning C4244: "=": konwersja z "double" do "float", możliwa utrata danych
D:\Git_Projekt\Pif_Paf\Pif_Paf\headers\ECS\MouseController.h(29,57): warning C4244: "=": konwersja z "double" do "float", możliwa utrata danych
D:\Git_Projekt\Pif_Paf\Pif_Paf\headers\ECS\MouseController.h(37,1): warning C4305: "+=": obcięcie z "double" do "float"
D:\Git_Projekt\Pif_Paf\Pif_Paf\src\Game.cpp(45,28): warning C4244: "=": konwersja z "double" do "int", możliwa utrata danych
D:\Git_Projekt\Pif_Paf\Pif_Paf\src\Game.cpp(46,28): warning C4244: "=": konwersja z "double" do "int", możliwa utrata danych
D:\Git_Projekt\Pif_Paf\Pif_Paf\src\Game.cpp(112,61): warning C4305: "argument": obcięcie z "double" do "float"
D:\Git_Projekt\Pif_Paf\Pif_Paf\headers\ECS\ECS.h(92,33): warning C4244: "argument": konwersja z "_Ty" do "float", możliwa utrata danych
          with
          [
              _Ty=int
          ]
D:\Git_Projekt\Pif_Paf\Pif_Paf\src\Game.cpp(106): message : zobacz odwołanie do kompilowanego tworzenia wystąpienia „T &Entity::addComponent<TransformComponent,int,int>(int &&,int &&)” funkcji szablon
          with
          [
              T=TransformComponent
          ]
  Generowanie kodu...
  Pif_Paf.vcxproj -> D:\Git_Projekt\Pif_Paf\x64\Debug\Pif_Paf.exe
